[main e193c1b] auto: 2026-03-19 09:30
 4 files changed, 28 insertions(+)
 create mode 100644 .gitignore
 create mode 100644 sync-error.log
 create mode 100644 sync.log
 create mode 100755 sync.sh
[2026-03-19 09:30] 동기화 완료
[main 5a2b59a] auto: 2026-03-19 09:31
 2 files changed, 9 insertions(+)
[2026-03-19 09:31] 동기화 완료
[main f1f8ed2] auto: 2026-03-24 09:12
 1 file changed, 0 insertions(+), 0 deletions(-)
 create mode 100644 .DS_Store
[2026-03-24 09:12] 동기화 완료
[main d4cbea7] auto: 2026-03-24 12:37
 2 files changed, 16 insertions(+)
[2026-03-24 12:37] 동기화 완료
[main 440f267] auto: 2026-03-26 06:51
 2 files changed, 15 insertions(+)
[2026-03-26 06:51] 동기화 완료
[main bdea14a] auto: 2026-03-29 09:11
 7 files changed, 1601 insertions(+)
 create mode 100644 .planning/codebase/ARCHITECTURE.md
 create mode 100644 .planning/codebase/CONCERNS.md
 create mode 100644 .planning/codebase/CONVENTIONS.md
 create mode 100644 .planning/codebase/INTEGRATIONS.md
 create mode 100644 .planning/codebase/STACK.md
 create mode 100644 .planning/codebase/STRUCTURE.md
 create mode 100644 .planning/codebase/TESTING.md
[2026-03-29 09:11] 동기화 완료
[main 39e25ee] auto: 2026-03-30 13:33
 2 files changed, 22 insertions(+)
[2026-03-30 13:33] 동기화 완료
[main 9f0bf08] auto: 2026-03-31 10:19
 2 files changed, 8 insertions(+)
[2026-03-31 10:19] 동기화 완료
[main e533569] auto: 2026-03-31 11:00
 2 files changed, 15 insertions(+)
[2026-03-31 11:00] 동기화 완료
[main a24f239] auto: 2026-04-03 10:45
 2 files changed, 15 insertions(+)
[2026-04-03 10:45] 동기화 완료
